[27-Jul-2017 15:00:05 Europe/Moscow] PHP Parse error:  syntax error, unexpected '.' in /var/www/audit/www/protected/views/base/project/internal/server.php on line 24
[27-Jul-2017 15:00:06 Europe/Moscow] PHP Parse error:  syntax error, unexpected '.' in /var/www/audit/www/protected/views/base/project/internal/server.php on line 24
[27-Jul-2017 15:00:41 Europe/Moscow] PHP Parse error:  syntax error, unexpected '.' in /var/www/audit/www/protected/views/base/project/internal/server.php on line 24
[27-Jul-2017 15:00:45 Europe/Moscow] PHP Parse error:  syntax error, unexpected '.' in /var/www/audit/www/protected/views/base/project/internal/server.php on line 24
[27-Jul-2017 15:01:43 Europe/Moscow] PHP Parse error:  syntax error, unexpected '.' in /var/www/audit/www/protected/views/base/project/internal/server.php on line 24
[27-Jul-2017 15:01:44 Europe/Moscow] PHP Parse error:  syntax error, unexpected '.' in /var/www/audit/www/protected/views/base/project/internal/server.php on line 24
[27-Jul-2017 15:03:44 Europe/Moscow] PHP Parse error:  syntax error, unexpected '.' in /var/www/audit/www/protected/views/base/project/internal/server.php on line 22
[31-Jul-2017 11:50:36 Europe/Moscow] PHP Parse error:  syntax error, unexpected ''period_txt'' (T_CONSTANT_ENCAPSED_STRING), expecting ')' in /var/www/audit/www/protected/modules/admin/controllers/IndexController.php on line 35
[17-Aug-2017 09:13:50 Europe/Moscow] PHP Parse error:  syntax error, unexpected ''multiple'' (T_CONSTANT_ENCAPSED_STRING), expecting ')' in /var/www/audit/www/protected/modules/admin/controllers/IndexController.php on line 37
[26-Aug-2017 10:40:17 Europe/Moscow] PHP Fatal error:  Allowed memory size of 268435456 bytes exhausted (tried to allocate 157286400 bytes) in /var/www/audit/www/protected/views/report/docx.php on line 3811
[26-Aug-2017 10:41:55 Europe/Moscow] PHP Fatal error:  Allowed memory size of 268435456 bytes exhausted (tried to allocate 157286400 bytes) in /var/www/audit/www/protected/views/report/docx.php on line 3811
[28-Aug-2017 12:00:43 Europe/Moscow] PHP Fatal error:  Allowed memory size of 268435456 bytes exhausted (tried to allocate 157286400 bytes) in /var/www/audit/www/protected/views/report/docx.php on line 3811
[28-Aug-2017 12:01:57 Europe/Moscow] PHP Fatal error:  Allowed memory size of 268435456 bytes exhausted (tried to allocate 157286400 bytes) in /var/www/audit/www/protected/views/report/docx.php on line 3811
[28-Aug-2017 12:02:45 Europe/Moscow] PHP Fatal error:  Allowed memory size of 268435456 bytes exhausted (tried to allocate 157024256 bytes) in /var/www/audit/www/protected/views/report/docx.php on line 3811
[28-Aug-2017 12:04:30 Europe/Moscow] PHP Fatal error:  Allowed memory size of 268435456 bytes exhausted (tried to allocate 157024256 bytes) in /var/www/audit/www/protected/views/report/docx.php on line 3811
[05-Sep-2017 14:54:45 Europe/Moscow] PHP Fatal error:  Call to a member function getAttributeLabel() on null in /var/www/audit/www/protected/views/base/project/index/edit.php on line 13
[05-Sep-2017 14:54:47 Europe/Moscow] PHP Fatal error:  Call to a member function getAttributeLabel() on null in /var/www/audit/www/protected/views/base/project/index/edit.php on line 13
[05-Sep-2017 14:54:48 Europe/Moscow] PHP Fatal error:  Call to a member function getAttributeLabel() on null in /var/www/audit/www/protected/views/base/project/index/edit.php on line 13
[05-Sep-2017 14:54:49 Europe/Moscow] PHP Fatal error:  Call to a member function getAttributeLabel() on null in /var/www/audit/www/protected/views/base/project/index/edit.php on line 13
[19-Sep-2017 09:44:49 Europe/Moscow] PHP Fatal error:  Allowed memory size of 268435456 bytes exhausted (tried to allocate 157286400 bytes) in /var/www/audit/www/protected/views/report/docx.php on line 3811
[20-Oct-2017 08:40:54 Europe/Moscow] PHP Fatal error:  Allowed memory size of 268435456 bytes exhausted (tried to allocate 65536 bytes) in /var/www/audit/www/protected/vendor/yiisoft/yii/framework/db/ar/CActiveRecord.php on line 1895
[20-Oct-2017 08:41:28 Europe/Moscow] PHP Fatal error:  Allowed memory size of 268435456 bytes exhausted (tried to allocate 65536 bytes) in /var/www/audit/www/protected/vendor/yiisoft/yii/framework/db/ar/CActiveRecord.php on line 1895
[20-Oct-2017 08:42:45 Europe/Moscow] PHP Fatal error:  Allowed memory size of 268435456 bytes exhausted (tried to allocate 65536 bytes) in /var/www/audit/www/protected/vendor/yiisoft/yii/framework/db/ar/CActiveRecord.php on line 1895
[20-Oct-2017 08:43:15 Europe/Moscow] PHP Fatal error:  Allowed memory size of 268435456 bytes exhausted (tried to allocate 89483 bytes) in /var/www/audit/www/protected/vendor/yiisoft/yii/framework/db/CDbCommand.php on line 518
[20-Oct-2017 08:54:50 Europe/Moscow] PHP Fatal error:  Allowed memory size of 268435456 bytes exhausted (tried to allocate 82 bytes) in /var/www/audit/www/protected/vendor/yiisoft/yii/framework/db/ar/CActiveRecord.php on line 408
[20-Oct-2017 08:58:36 Europe/Moscow] PHP Fatal error:  Allowed memory size of 268435456 bytes exhausted (tried to allocate 83892956 bytes) in /var/www/audit/www/protected/vendor/yiisoft/yii/framework/web/CBaseController.php on line 127
[20-Oct-2017 08:59:37 Europe/Moscow] PHP Fatal error:  Allowed memory size of 268435456 bytes exhausted (tried to allocate 88 bytes) in /var/www/audit/www/protected/vendor/yiisoft/yii/framework/db/ar/CActiveRecord.php on line 408
[20-Oct-2017 09:00:55 Europe/Moscow] PHP Fatal error:  Allowed memory size of 268435456 bytes exhausted (tried to allocate 86 bytes) in /var/www/audit/www/protected/vendor/yiisoft/yii/framework/db/ar/CActiveRecord.php on line 408
[20-Oct-2017 09:06:10 Europe/Moscow] PHP Fatal error:  Allowed memory size of 268435456 bytes exhausted (tried to allocate 86 bytes) in /var/www/audit/www/protected/vendor/yiisoft/yii/framework/db/ar/CActiveRecord.php on line 408
[20-Oct-2017 09:08:56 Europe/Moscow] PHP Fatal error:  Allowed memory size of 268435456 bytes exhausted (tried to allocate 88 bytes) in /var/www/audit/www/protected/vendor/yiisoft/yii/framework/db/ar/CActiveRecord.php on line 408
[20-Oct-2017 09:10:13 Europe/Moscow] PHP Fatal error:  Allowed memory size of 268435456 bytes exhausted (tried to allocate 86 bytes) in /var/www/audit/www/protected/vendor/yiisoft/yii/framework/db/ar/CActiveRecord.php on line 408
[20-Oct-2017 09:28:28 Europe/Moscow] PHP Fatal error:  Allowed memory size of 268435456 bytes exhausted (tried to allocate 13635584 bytes) in /var/www/audit/www/protected/views/report/docx.php on line 3684
[20-Oct-2017 09:29:38 Europe/Moscow] PHP Fatal error:  Allowed memory size of 268435456 bytes exhausted (tried to allocate 17829888 bytes) in /var/www/audit/www/protected/views/report/docx.php on line 3668
[20-Oct-2017 09:31:04 Europe/Moscow] PHP Fatal error:  Allowed memory size of 268435456 bytes exhausted (tried to allocate 17453056 bytes) in /var/www/audit/www/protected/views/report/docx.php on line 3684
[20-Oct-2017 09:50:43 Europe/Moscow] PHP Fatal error:  Allowed memory size of 268435456 bytes exhausted (tried to allocate 64743970 bytes) in /var/www/audit/www/protected/modules/project/controllers/ReportController.php on line 748
[20-Oct-2017 09:51:35 Europe/Moscow] PHP Fatal error:  Allowed memory size of 268435456 bytes exhausted (tried to allocate 37760797 bytes) in /var/www/audit/www/protected/modules/project/controllers/ReportController.php on line 748
[20-Oct-2017 09:52:14 Europe/Moscow] PHP Fatal error:  Allowed memory size of 268435456 bytes exhausted (tried to allocate 64743970 bytes) in /var/www/audit/www/protected/modules/project/controllers/ReportController.php on line 748
[20-Oct-2017 09:53:27 Europe/Moscow] PHP Fatal error:  Allowed memory size of 268435456 bytes exhausted (tried to allocate 63710551 bytes) in /var/www/audit/www/protected/modules/project/controllers/ReportController.php on line 748
[20-Oct-2017 10:01:31 Europe/Moscow] PHP Fatal error:  Allowed memory size of 268435456 bytes exhausted (tried to allocate 96283260 bytes) in /var/www/audit/www/protected/vendor/yiisoft/yii/framework/web/CBaseController.php on line 127
[26-Oct-2017 16:14:19 Europe/Moscow] PHP Fatal error:  Maximum execution time of 60 seconds exceeded in /var/www/audit/www/protected/vendor/yiisoft/yii/framework/db/CDbCommand.php on line 508
[27-Oct-2017 08:42:07 Europe/Moscow] PHP Fatal error:  Maximum execution time of 60 seconds exceeded in /var/www/audit/www/protected/vendor/yiisoft/yii/framework/db/ar/CActiveRecord.php on line 1889
[27-Oct-2017 08:50:45 Europe/Moscow] PHP Fatal error:  Maximum execution time of 60 seconds exceeded in /var/www/audit/www/protected/vendor/yiisoft/yii/framework/YiiBase.php on line 475
[27-Oct-2017 09:52:15 Europe/Moscow] PHP Fatal error:  Maximum execution time of 60 seconds exceeded in /var/www/audit/www/protected/vendor/yiisoft/yii/framework/logging/CLogger.php on line 97
[27-Oct-2017 10:51:29 Europe/Moscow] PHP Fatal error:  Maximum execution time of 60 seconds exceeded in /var/www/audit/www/protected/vendor/yiisoft/yii/framework/db/ar/CActiveRecord.php on line 1890
[27-Oct-2017 10:57:21 Europe/Moscow] PHP Fatal error:  Maximum execution time of 60 seconds exceeded in /var/www/audit/www/protected/vendor/yiisoft/yii/framework/base/CModel.php on line 113
